Connecting to database specified by database.yml
Connecting to database specified by database.yml
  [1m[36m (0.1ms)[0m  [1mselect sqlite_version(*)[0m
  [1m[35m (1.5ms)[0m  CREATE TABLE "schema_migrations" ("version" varchar(255) NOT NULL) 
  [1m[36m (0.0ms)[0m  [1mPRAGMA index_list("schema_migrations")[0m
  [1m[35m (1.3ms)[0m  CREATE UNIQUE INDEX "unique_schema_migrations" ON "schema_migrations" ("version")
  [1m[36m (0.1ms)[0m  [1mSELECT "schema_migrations"."version" FROM "schema_migrations" [0m
Migrating to CreateEntries (20120715170501)
  [1m[35m (0.0ms)[0m  begin transaction
  [1m[36m (0.4ms)[0m  [1mCREATE TABLE "entries" ("id" INTEGER PRIMARY KEY AUTOINCREMENT NOT NULL, "title" varchar(255), "body" text, "data" datetime, "created_at" datetime NOT NULL, "updated_at" datetime NOT NULL) [0m
  [1m[35m (0.1ms)[0m  INSERT INTO "schema_migrations" ("version") VALUES ('20120715170501')
  [1m[36m (1.5ms)[0m  [1mcommit transaction[0m
  [1m[35m (0.3ms)[0m  select sqlite_version(*)
  [1m[36m (0.1ms)[0m  [1mSELECT "schema_migrations"."version" FROM "schema_migrations" [0m
  [1m[35m (0.0ms)[0m  PRAGMA index_list("entries")


Started GET "/assets/rails.png" for 127.0.0.1 at 2012-07-15 12:07:16 -0500
Connecting to database specified by database.yml
Served asset /rails.png - 200 OK (5ms)


Started GET "/entries" for 127.0.0.1 at 2012-07-15 12:07:28 -0500
Processing by EntriesController#index as HTML
  [1m[36mEntry Load (0.1ms)[0m  [1mSELECT "entries".* FROM "entries" [0m
  Rendered entries/index.html.erb within layouts/application (2.1ms)
Compiled entries.css  (20ms)  (pid 30826)
Compiled scaffolds.css  (13ms)  (pid 30826)
Compiled application.css  (47ms)  (pid 30826)
Compiled jquery.js  (21ms)  (pid 30826)
Compiled jquery_ujs.js  (0ms)  (pid 30826)
Compiled entries.js  (112ms)  (pid 30826)
Compiled application.js  (163ms)  (pid 30826)
Completed 200 OK in 326ms (Views: 311.3ms | ActiveRecord: 1.4ms)


Started GET "/assets/application.css?body=1" for 127.0.0.1 at 2012-07-15 12:07:28 -0500
Served asset /application.css - 200 OK (6ms)


Started GET "/assets/entries.css?body=1" for 127.0.0.1 at 2012-07-15 12:07:28 -0500
Served asset /entries.css - 200 OK (3ms)


Started GET "/assets/entries.js?body=1" for 127.0.0.1 at 2012-07-15 12:07:28 -0500
Served asset /entries.js - 200 OK (1ms)


Started GET "/assets/jquery_ujs.js?body=1" for 127.0.0.1 at 2012-07-15 12:07:28 -0500
Served asset /jquery_ujs.js - 200 OK (1ms)


Started GET "/assets/jquery.js?body=1" for 127.0.0.1 at 2012-07-15 12:07:28 -0500
Served asset /jquery.js - 200 OK (2ms)


Started GET "/assets/scaffolds.css?body=1" for 127.0.0.1 at 2012-07-15 12:07:28 -0500
Served asset /scaffolds.css - 200 OK (1ms)


Started GET "/assets/application.js?body=1" for 127.0.0.1 at 2012-07-15 12:07:28 -0500
Served asset /application.js - 200 OK (5ms)


Started GET "/entries/new" for 127.0.0.1 at 2012-07-15 12:07:31 -0500
Processing by EntriesController#new as HTML
  Rendered entries/_form.html.erb (31.5ms)
  Rendered entries/new.html.erb within layouts/application (35.1ms)
Completed 200 OK in 46ms (Views: 39.5ms | ActiveRecord: 0.0ms)


Started POST "/entries" for 127.0.0.1 at 2012-07-15 12:07:45 -0500
Processing by EntriesController#create as HTML
  Parameters: {"utf8"=>"✓", "authenticity_token"=>"aHqxfHge62U/27326HXh0n3t2T9t+Zcuv227Wnc9vx8=", "entry"=>{"title"=>"First Entry", "body"=>"This is the first entry", "data(1i)"=>"2012", "data(2i)"=>"7", "data(3i)"=>"10", "data(4i)"=>"17", "data(5i)"=>"07"}, "commit"=>"Create Entry"}
  [1m[35m (0.1ms)[0m  begin transaction
  [1m[36mSQL (4.2ms)[0m  [1mINSERT INTO "entries" ("body", "created_at", "data", "title", "updated_at") VALUES (?, ?, ?, ?, ?)[0m  [["body", "This is the first entry"], ["created_at", Sun, 15 Jul 2012 17:07:45 UTC +00:00], ["data", Tue, 10 Jul 2012 17:07:00 UTC +00:00], ["title", "First Entry"], ["updated_at", Sun, 15 Jul 2012 17:07:45 UTC +00:00]]
  [1m[35m (2.5ms)[0m  commit transaction
Redirected to http://localhost:3000/entries/1
Completed 302 Found in 11ms (ActiveRecord: 6.8ms)


Started GET "/entries/1" for 127.0.0.1 at 2012-07-15 12:07:45 -0500
Processing by EntriesController#show as HTML
  Parameters: {"id"=>"1"}
  [1m[36mEntry Load (0.3ms)[0m  [1mSELECT "entries".* FROM "entries" WHERE "entries"."id" = ? LIMIT 1[0m  [["id", "1"]]
  Rendered entries/show.html.erb within layouts/application (1.4ms)
Completed 200 OK in 8ms (Views: 5.9ms | ActiveRecord: 0.3ms)


Started GET "/assets/entries.js?body=1" for 127.0.0.1 at 2012-07-15 12:07:45 -0500
Served asset /entries.js - 304 Not Modified (0ms)


Started GET "/assets/scaffolds.css?body=1" for 127.0.0.1 at 2012-07-15 12:07:45 -0500
Served asset /scaffolds.css - 304 Not Modified (0ms)


Started GET "/assets/entries.css?body=1" for 127.0.0.1 at 2012-07-15 12:07:45 -0500
Served asset /entries.css - 304 Not Modified (0ms)
